<?xml version="1.0" encoding="UTF-8"?>
<testng-results ignored="0" total="2" passed="2" failed="0" skipped="0">
  <reporter-output>
  </reporter-output>
  <suite started-at="2024-08-18T05:11:22 PDT" name="Default suite" finished-at="2024-08-18T05:11:25 PDT" duration-ms="2802">
    <groups>
    </groups>
    <test started-at="2024-08-18T05:11:22 PDT" name="Default test" finished-at="2024-08-18T05:11:25 PDT" duration-ms="2802">
      <class name="DynamicJson">
        <test-method signature="addBook(java.lang.String,java.lang.String)[pri:0, instance:DynamicJson@71a8adcf]" started-at="2024-08-18T05:11:22 PDT" name="addBook" data-provider="BookData" finished-at="2024-08-18T05:11:24 PDT" duration-ms="2541" status="PASS">
          <params>
            <param index="0">
              <value>
                <![CDATA[aba]]>
              </value>
            </param>
            <param index="1">
              <value>
                <![CDATA[6678]]>
              </value>
            </param>
          </params>
          <reporter-output>
          </reporter-output>
        </test-method> <!-- addBook -->
        <test-method signature="addBook(java.lang.String,java.lang.String)[pri:0, instance:DynamicJson@71a8adcf]" started-at="2024-08-18T05:11:24 PDT" name="addBook" data-provider="BookData" finished-at="2024-08-18T05:11:25 PDT" duration-ms="203" status="PASS">
          <params>
            <param index="0">
              <value>
                <![CDATA[23]]>
              </value>
            </param>
            <param index="1">
              <value>
                <![CDATA[456]]>
              </value>
            </param>
          </params>
          <reporter-output>
          </reporter-output>
        </test-method> <!-- addBook -->
      </class> <!-- DynamicJson -->
    </test> <!-- Default test -->
  </suite> <!-- Default suite -->
</testng-results>
